Using MPI version 4.0, 4 processes
-----------
Initializing structure...
Splitting into 4 chunks by voxels
time for choose_chunkdivision = 0.000948191 s
Working in 3D dimensions.
Computational cell is 0.0333333 x 10 x 8 with resolution 30
     block, center = (0,0,0)
          size (1e+20,3,0.63)
          axes (1,0,0), (0,1,0), (0,0,1)
          dielectric constant epsilon diagonal = (4.26006,4.26006,4.26006)
     block, center = (0,0,-2.1575)
          size (1e+20,1e+20,3.685)
          axes (1,0,0), (0,1,0), (0,0,1)
          dielectric constant epsilon diagonal = (2.82468,2.82468,2.82468)
     block, center = (0,0,-0.15)
          size (1e+20,1e+20,0.33)
          axes (1,0,0), (0,1,0), (0,0,1)
          dielectric constant epsilon diagonal = (4.26006,4.26006,4.26006)
time for set_epsilon = 0.259368 s
-----------
Meep: using complex fields.
Meep progress: 3.216666666666667/400.0 = 0.8% done in 4.0s, 493.7s to go
on time step 193 (time=3.21667), 0.0207388 s/step
Meep progress: 10.333333333333334/400.0 = 2.6% done in 8.0s, 302.1s to go
on time step 620 (time=10.3333), 0.00938571 s/step
Meep progress: 17.3/400.0 = 4.3% done in 12.0s, 265.7s to go
on time step 1039 (time=17.3167), 0.00955825 s/step
Meep progress: 24.45/400.0 = 6.1% done in 16.0s, 246.0s to go
on time step 1468 (time=24.4667), 0.00933281 s/step
Meep progress: 31.5/400.0 = 7.9% done in 20.0s, 234.2s to go
on time step 1891 (time=31.5167), 0.00945776 s/step
Meep progress: 38.71666666666667/400.0 = 9.7% done in 24.0s, 224.2s to go
on time step 2324 (time=38.7333), 0.00926482 s/step
Meep progress: 44.8/400.0 = 11.2% done in 28.0s, 222.3s to go
on time step 2689 (time=44.8167), 0.010981 s/step
Meep progress: 51.31666666666666/400.0 = 12.8% done in 32.0s, 217.7s to go
on time step 3080 (time=51.3333), 0.0102429 s/step
Meep progress: 58.43333333333333/400.0 = 14.6% done in 36.0s, 210.7s to go
on time step 3508 (time=58.4667), 0.00935898 s/step
Meep progress: 65.68333333333334/400.0 = 16.4% done in 40.0s, 203.8s to go
on time step 3943 (time=65.7167), 0.00920995 s/step
Meep progress: 75.78333333333333/400.0 = 18.9% done in 44.0s, 188.4s to go
on time step 4550 (time=75.8333), 0.00658987 s/step
Meep progress: 83.21666666666667/400.0 = 20.8% done in 48.1s, 182.9s to go
on time step 4995 (time=83.25), 0.00899082 s/step
Meep progress: 90.03333333333333/400.0 = 22.5% done in 52.1s, 179.2s to go
on time step 5404 (time=90.0667), 0.0097828 s/step
Meep progress: 97.05/400.0 = 24.3% done in 56.1s, 175.0s to go
on time step 5825 (time=97.0833), 0.00951521 s/step
Meep progress: 104.45/400.0 = 26.1% done in 60.1s, 170.0s to go
on time step 6269 (time=104.483), 0.00901989 s/step
Meep progress: 110.64999999999999/400.0 = 27.7% done in 64.1s, 167.6s to go
on time step 6640 (time=110.667), 0.0108167 s/step
Meep progress: 117.28333333333333/400.0 = 29.3% done in 68.1s, 164.1s to go
on time step 7039 (time=117.317), 0.0100256 s/step
Meep progress: 123.93333333333334/400.0 = 31.0% done in 72.1s, 160.6s to go
on time step 7437 (time=123.95), 0.0100833 s/step
Meep progress: 130.95/400.0 = 32.7% done in 76.1s, 156.3s to go
on time step 7858 (time=130.967), 0.00950901 s/step
Meep progress: 137.31666666666666/400.0 = 34.3% done in 80.1s, 153.2s to go
on time step 8242 (time=137.367), 0.010423 s/step
Meep progress: 144.81666666666666/400.0 = 36.2% done in 84.1s, 148.2s to go
on time step 8690 (time=144.833), 0.00893519 s/step
Meep progress: 151.18333333333334/400.0 = 37.8% done in 88.1s, 145.0s to go
on time step 9073 (time=151.217), 0.0104545 s/step
Meep progress: 156.48333333333332/400.0 = 39.1% done in 92.1s, 143.3s to go
on time step 9391 (time=156.517), 0.0126081 s/step
Meep progress: 162.13333333333333/400.0 = 40.5% done in 96.1s, 141.0s to go
on time step 9729 (time=162.15), 0.0118398 s/step
Meep progress: 167.75/400.0 = 41.9% done in 100.1s, 138.6s to go
on time step 10066 (time=167.767), 0.0118891 s/step
Meep progress: 174.36666666666667/400.0 = 43.6% done in 104.1s, 134.8s to go
on time step 10463 (time=174.383), 0.0100816 s/step
Meep progress: 180.21666666666667/400.0 = 45.1% done in 108.2s, 131.9s to go
on time step 10813 (time=180.217), 0.011456 s/step
Meep progress: 186.51666666666665/400.0 = 46.6% done in 112.2s, 128.4s to go
on time step 11191 (time=186.517), 0.010602 s/step
Meep progress: 192.83333333333334/400.0 = 48.2% done in 116.2s, 124.8s to go
on time step 11570 (time=192.833), 0.0105709 s/step
Meep progress: 199.36666666666667/400.0 = 49.8% done in 120.2s, 120.9s to go
on time step 11962 (time=199.367), 0.010237 s/step
Meep progress: 206.08333333333334/400.0 = 51.5% done in 124.2s, 116.9s to go
on time step 12365 (time=206.083), 0.00993018 s/step
Meep progress: 212.91666666666666/400.0 = 53.2% done in 128.2s, 112.6s to go
on time step 12775 (time=212.917), 0.00977451 s/step
Meep progress: 219.7/400.0 = 54.9% done in 132.2s, 108.5s to go
on time step 13182 (time=219.7), 0.00985027 s/step
Meep progress: 225.04999999999998/400.0 = 56.3% done in 136.2s, 105.9s to go
on time step 13503 (time=225.05), 0.0124806 s/step
Meep progress: 231.65/400.0 = 57.9% done in 140.2s, 101.9s to go
on time step 13899 (time=231.65), 0.0101083 s/step
Meep progress: 238.81666666666666/400.0 = 59.7% done in 144.2s, 97.3s to go
on time step 14329 (time=238.817), 0.00930652 s/step
Meep progress: 245.53333333333333/400.0 = 61.4% done in 148.2s, 93.2s to go
on time step 14732 (time=245.533), 0.00994214 s/step
Meep progress: 252.38333333333333/400.0 = 63.1% done in 152.2s, 89.0s to go
on time step 15143 (time=252.383), 0.00974789 s/step
Meep progress: 259.6166666666667/400.0 = 64.9% done in 156.2s, 84.5s to go
on time step 15577 (time=259.617), 0.00922996 s/step
Meep progress: 266.7833333333333/400.0 = 66.7% done in 160.2s, 80.0s to go
on time step 16007 (time=266.783), 0.00931422 s/step
Meep progress: 273.65/400.0 = 68.4% done in 164.3s, 75.8s to go
on time step 16419 (time=273.65), 0.00972532 s/step
Meep progress: 280.46666666666664/400.0 = 70.1% done in 168.3s, 71.7s to go
on time step 16829 (time=280.483), 0.00977767 s/step
Meep progress: 287.46666666666664/400.0 = 71.9% done in 172.3s, 67.4s to go
on time step 17249 (time=287.483), 0.00952895 s/step
Meep progress: 294.43333333333334/400.0 = 73.6% done in 176.3s, 63.2s to go
on time step 17668 (time=294.467), 0.00956797 s/step
Meep progress: 301.43333333333334/400.0 = 75.4% done in 180.3s, 58.9s to go
on time step 18088 (time=301.467), 0.00954183 s/step
Meep progress: 308.3833333333333/400.0 = 77.1% done in 184.3s, 54.7s to go
on time step 18505 (time=308.417), 0.00960539 s/step
Meep progress: 315.56666666666666/400.0 = 78.9% done in 188.3s, 50.4s to go
on time step 18936 (time=315.6), 0.00929799 s/step
Meep progress: 323.06666666666666/400.0 = 80.8% done in 192.3s, 45.8s to go
on time step 19386 (time=323.1), 0.00889965 s/step
Meep progress: 330.2833333333333/400.0 = 82.6% done in 196.3s, 41.4s to go
on time step 19820 (time=330.333), 0.00923569 s/step
Meep progress: 337.75/400.0 = 84.4% done in 200.3s, 36.9s to go
on time step 20268 (time=337.8), 0.00893726 s/step
Meep progress: 345.1666666666667/400.0 = 86.3% done in 204.3s, 32.5s to go
on time step 20712 (time=345.2), 0.00901171 s/step
Meep progress: 351.3/400.0 = 87.8% done in 208.3s, 28.9s to go
on time step 21081 (time=351.35), 0.010869 s/step
Meep progress: 357.7833333333333/400.0 = 89.4% done in 212.3s, 25.1s to go
on time step 21470 (time=357.833), 0.0102884 s/step
Meep progress: 364.48333333333335/400.0 = 91.1% done in 216.3s, 21.1s to go
on time step 21871 (time=364.517), 0.00998032 s/step
Meep progress: 370.31666666666666/400.0 = 92.6% done in 220.3s, 17.7s to go
on time step 22223 (time=370.383), 0.011384 s/step
Meep progress: 376.6/400.0 = 94.2% done in 224.3s, 13.9s to go
on time step 22600 (time=376.667), 0.010624 s/step
Meep progress: 383.2833333333333/400.0 = 95.8% done in 228.3s, 10.0s to go
on time step 23000 (time=383.333), 0.0100057 s/step
Meep progress: 389.46666666666664/400.0 = 97.4% done in 232.3s, 6.3s to go
on time step 23372 (time=389.533), 0.0107778 s/step
Meep progress: 396.0/400.0 = 99.0% done in 236.3s, 2.4s to go
on time step 23764 (time=396.067), 0.0102049 s/step
harminv0:, frequency, imag. freq., Q, |amp|, amplitude, error
harminv0:, 0.26982919011572665, -4.438669322931765e-05, 3039.527958544826, 0.6004515913049454, 0.5922557864839939-0.09886959531052496i, 2.0018792205503973e-09+0.0i
run 0 finished at t = 400.0 (24000 timesteps)
-----------
Initializing structure...
Splitting into 4 chunks by voxels
time for choose_chunkdivision = 0.00605702 s
Working in 3D dimensions.
Computational cell is 0.0333333 x 10 x 8 with resolution 30
     block, center = (0,0,0)
          size (1e+20,3,0.63)
          axes (1,0,0), (0,1,0), (0,0,1)
          dielectric constant epsilon diagonal = (4.26312,4.26312,4.26312)
     block, center = (0,0,-2.1575)
          size (1e+20,1e+20,3.685)
          axes (1,0,0), (0,1,0), (0,0,1)
          dielectric constant epsilon diagonal = (2.82703,2.82703,2.82703)
     block, center = (0,0,-0.15)
          size (1e+20,1e+20,0.33)
          axes (1,0,0), (0,1,0), (0,0,1)
          dielectric constant epsilon diagonal = (4.26312,4.26312,4.26312)
time for set_epsilon = 0.543133 s
-----------
Meep: using complex fields.
Meep progress: 2.216666666666667/400.0 = 0.6% done in 4.0s, 719.5s to go
on time step 133 (time=2.21667), 0.0301458 s/step
Meep progress: 7.833333333333333/400.0 = 2.0% done in 8.0s, 401.5s to go
on time step 470 (time=7.83333), 0.0118984 s/step
Meep progress: 13.516666666666666/400.0 = 3.4% done in 12.0s, 344.1s to go
on time step 811 (time=13.5167), 0.011771 s/step
Meep progress: 20.883333333333333/400.0 = 5.2% done in 16.0s, 291.2s to go
on time step 1253 (time=20.8833), 0.00906722 s/step
Meep progress: 27.833333333333332/400.0 = 7.0% done in 20.0s, 268.1s to go
on time step 1670 (time=27.8333), 0.00960195 s/step
Meep progress: 35.166666666666664/400.0 = 8.8% done in 24.1s, 249.5s to go
on time step 2110 (time=35.1667), 0.00909607 s/step
Meep progress: 41.833333333333336/400.0 = 10.5% done in 28.1s, 240.2s to go
on time step 2510 (time=41.8333), 0.0100082 s/step
Meep progress: 48.88333333333333/400.0 = 12.2% done in 32.1s, 230.3s to go
on time step 2933 (time=48.8833), 0.00946052 s/step
Meep progress: 55.333333333333336/400.0 = 13.8% done in 36.1s, 224.6s to go
on time step 3320 (time=55.3333), 0.0103472 s/step
Meep progress: 62.199999999999996/400.0 = 15.5% done in 40.1s, 217.6s to go
on time step 3732 (time=62.2), 0.00972912 s/step
Meep progress: 69.16666666666667/400.0 = 17.3% done in 44.1s, 210.8s to go
on time step 4150 (time=69.1667), 0.00957322 s/step
Meep progress: 79.48333333333333/400.0 = 19.9% done in 48.1s, 193.9s to go
on time step 4769 (time=79.4833), 0.00646548 s/step
Meep progress: 86.13333333333333/400.0 = 21.5% done in 52.1s, 189.8s to go
on time step 5168 (time=86.1333), 0.0100476 s/step
Meep progress: 93.05/400.0 = 23.3% done in 56.1s, 185.0s to go
on time step 5583 (time=93.05), 0.00964823 s/step
Meep progress: 99.36666666666666/400.0 = 24.8% done in 60.1s, 181.9s to go
on time step 5962 (time=99.3667), 0.0106092 s/step
Meep progress: 105.46666666666667/400.0 = 26.4% done in 64.1s, 179.1s to go
on time step 6328 (time=105.467), 0.010931 s/step
Meep progress: 112.51666666666667/400.0 = 28.1% done in 68.1s, 174.0s to go
on time step 6752 (time=112.533), 0.00945584 s/step
Meep progress: 119.3/400.0 = 29.8% done in 72.1s, 169.7s to go
on time step 7159 (time=119.317), 0.00983653 s/step
Meep progress: 125.51666666666667/400.0 = 31.4% done in 76.1s, 166.5s to go
on time step 7532 (time=125.533), 0.0107519 s/step
Meep progress: 132.6/400.0 = 33.1% done in 80.1s, 161.6s to go
on time step 7957 (time=132.617), 0.00941908 s/step
Meep progress: 138.76666666666665/400.0 = 34.7% done in 84.1s, 158.4s to go
on time step 8327 (time=138.783), 0.0108175 s/step
Meep progress: 144.36666666666667/400.0 = 36.1% done in 88.1s, 156.1s to go
on time step 8663 (time=144.383), 0.0119078 s/step
Meep progress: 150.73333333333332/400.0 = 37.7% done in 92.2s, 152.4s to go
on time step 9044 (time=150.733), 0.0105039 s/step
Meep progress: 156.98333333333332/400.0 = 39.2% done in 96.2s, 148.9s to go
on time step 9419 (time=156.983), 0.0106713 s/step
Meep progress: 163.48333333333332/400.0 = 40.9% done in 100.2s, 144.9s to go
on time step 9809 (time=163.483), 0.0102799 s/step
Meep progress: 169.43333333333334/400.0 = 42.4% done in 104.2s, 141.8s to go
on time step 10166 (time=169.433), 0.0112158 s/step
Meep progress: 175.36666666666667/400.0 = 43.8% done in 108.2s, 138.6s to go
on time step 10522 (time=175.367), 0.0112663 s/step
Meep progress: 180.93333333333334/400.0 = 45.2% done in 112.2s, 135.8s to go
on time step 10856 (time=180.933), 0.0119861 s/step
Meep progress: 187.31666666666666/400.0 = 46.8% done in 116.2s, 131.9s to go
on time step 11239 (time=187.317), 0.0104619 s/step
Meep progress: 194.2/400.0 = 48.5% done in 120.2s, 127.4s to go
on time step 11652 (time=194.2), 0.00969347 s/step
Meep progress: 200.68333333333334/400.0 = 50.2% done in 124.2s, 123.4s to go
on time step 12041 (time=200.683), 0.0102947 s/step
Meep progress: 206.58333333333334/400.0 = 51.6% done in 128.2s, 120.0s to go
on time step 12395 (time=206.583), 0.0113295 s/step
Meep progress: 212.79999999999998/400.0 = 53.2% done in 132.2s, 116.3s to go
on time step 12768 (time=212.8), 0.0107281 s/step
Meep progress: 219.79999999999998/400.0 = 54.9% done in 136.2s, 111.7s to go
on time step 13188 (time=219.8), 0.00952907 s/step
Meep progress: 226.81666666666666/400.0 = 56.7% done in 140.2s, 107.1s to go
on time step 13609 (time=226.817), 0.00951212 s/step
Meep progress: 233.73333333333332/400.0 = 58.4% done in 144.2s, 102.6s to go
on time step 14024 (time=233.733), 0.00964709 s/step
Meep progress: 240.5/400.0 = 60.1% done in 148.2s, 98.3s to go
on time step 14430 (time=240.5), 0.00987215 s/step
Meep progress: 247.06666666666666/400.0 = 61.8% done in 152.2s, 94.2s to go
on time step 14824 (time=247.067), 0.0101645 s/step
Meep progress: 253.68333333333334/400.0 = 63.4% done in 156.3s, 90.1s to go
on time step 15221 (time=253.683), 0.0100925 s/step
Meep progress: 260.4/400.0 = 65.1% done in 160.3s, 85.9s to go
on time step 15624 (time=260.4), 0.00992668 s/step
Meep progress: 266.85/400.0 = 66.7% done in 164.3s, 82.0s to go
on time step 16011 (time=266.85), 0.0103487 s/step
Meep progress: 273.81666666666666/400.0 = 68.5% done in 168.3s, 77.5s to go
on time step 16429 (time=273.817), 0.00957591 s/step
Meep progress: 280.71666666666664/400.0 = 70.2% done in 172.3s, 73.2s to go
on time step 16843 (time=280.717), 0.00968029 s/step
Meep progress: 287.48333333333335/400.0 = 71.9% done in 176.3s, 69.0s to go
on time step 17249 (time=287.483), 0.00987218 s/step
Meep progress: 294.01666666666665/400.0 = 73.5% done in 180.3s, 65.0s to go
on time step 17641 (time=294.017), 0.0102066 s/step
Meep progress: 300.76666666666665/400.0 = 75.2% done in 184.3s, 60.8s to go
on time step 18046 (time=300.767), 0.00988734 s/step
Meep progress: 308.1666666666667/400.0 = 77.0% done in 188.3s, 56.1s to go
on time step 18490 (time=308.167), 0.00901669 s/step
Meep progress: 314.85/400.0 = 78.7% done in 192.3s, 52.0s to go
on time step 18892 (time=314.867), 0.00997143 s/step
Meep progress: 321.3333333333333/400.0 = 80.3% done in 196.3s, 48.1s to go
on time step 19281 (time=321.35), 0.0102927 s/step
Meep progress: 327.8666666666667/400.0 = 82.0% done in 200.3s, 44.1s to go
on time step 19673 (time=327.883), 0.0102206 s/step
Meep progress: 335.21666666666664/400.0 = 83.8% done in 204.3s, 39.5s to go
on time step 20114 (time=335.233), 0.00908225 s/step
Meep progress: 341.9166666666667/400.0 = 85.5% done in 208.3s, 35.4s to go
on time step 20516 (time=341.933), 0.00997397 s/step
Meep progress: 348.95/400.0 = 87.2% done in 212.3s, 31.1s to go
on time step 20938 (time=348.967), 0.00948348 s/step
Meep progress: 355.8833333333333/400.0 = 89.0% done in 216.3s, 26.8s to go
on time step 21354 (time=355.9), 0.00963053 s/step
Meep progress: 362.8333333333333/400.0 = 90.7% done in 220.3s, 22.6s to go
on time step 21771 (time=362.85), 0.00960679 s/step
Meep progress: 370.26666666666665/400.0 = 92.6% done in 224.4s, 18.0s to go
on time step 22217 (time=370.283), 0.00898378 s/step
Meep progress: 377.73333333333335/400.0 = 94.4% done in 228.4s, 13.5s to go
on time step 22666 (time=377.767), 0.00892718 s/step
Meep progress: 384.95/400.0 = 96.2% done in 232.4s, 9.1s to go
on time step 23099 (time=384.983), 0.00925154 s/step
Meep progress: 392.23333333333335/400.0 = 98.1% done in 236.4s, 4.7s to go
on time step 23537 (time=392.283), 0.00915432 s/step
Meep progress: 399.6666666666667/400.0 = 99.9% done in 240.4s, 0.2s to go
on time step 23983 (time=399.717), 0.00897397 s/step
harminv1:, frequency, imag. freq., Q, |amp|, amplitude, error
harminv1:, 0.2712171639065652, -2.3916109803353716e-05, 5670.1772599432725, 0.6233766235789098, 0.5236303250143357-0.33824502590581124i, 1.967985027765241e-09+0.0i
run 1 finished at t = 400.0 (24000 timesteps)
-----------
Initializing structure...
Splitting into 4 chunks by voxels
time for choose_chunkdivision = 0.00768995 s
Working in 3D dimensions.
Computational cell is 0.0333333 x 10 x 8 with resolution 30
     block, center = (0,0,0)
          size (1e+20,3,0.63)
          axes (1,0,0), (0,1,0), (0,0,1)
          dielectric constant epsilon diagonal = (4.26615,4.26615,4.26615)
     block, center = (0,0,-2.1575)
          size (1e+20,1e+20,3.685)
          axes (1,0,0), (0,1,0), (0,0,1)
          dielectric constant epsilon diagonal = (2.82934,2.82934,2.82934)
     block, center = (0,0,-0.15)
          size (1e+20,1e+20,0.33)
          axes (1,0,0), (0,1,0), (0,0,1)
          dielectric constant epsilon diagonal = (4.26615,4.26615,4.26615)
time for set_epsilon = 0.279744 s
-----------
Meep: using complex fields.
Meep progress: 3.4499999999999997/400.0 = 0.9% done in 4.0s, 459.8s to go
on time step 207 (time=3.45), 0.0193247 s/step
Meep progress: 10.683333333333334/400.0 = 2.7% done in 8.0s, 291.7s to go
on time step 641 (time=10.6833), 0.00922752 s/step
Meep progress: 17.65/400.0 = 4.4% done in 12.0s, 260.1s to go
on time step 1059 (time=17.65), 0.00957252 s/step
Meep progress: 25.066666666666666/400.0 = 6.3% done in 16.0s, 239.5s to go
on time step 1504 (time=25.0667), 0.00899633 s/step
Meep progress: 32.483333333333334/400.0 = 8.1% done in 20.0s, 226.5s to go
on time step 1949 (time=32.4833), 0.00899848 s/step
Meep progress: 39.5/400.0 = 9.9% done in 24.0s, 219.2s to go
on time step 2371 (time=39.5167), 0.00952075 s/step
Meep progress: 46.81666666666666/400.0 = 11.7% done in 28.0s, 211.4s to go
on time step 2811 (time=46.85), 0.00911162 s/step
Meep progress: 53.85/400.0 = 13.5% done in 32.0s, 205.9s to go
on time step 3233 (time=53.8833), 0.00950868 s/step
Meep progress: 60.75/400.0 = 15.2% done in 36.0s, 201.2s to go
on time step 3648 (time=60.8), 0.00964916 s/step
Meep progress: 70.35/400.0 = 17.6% done in 40.0s, 187.6s to go
on time step 4226 (time=70.4333), 0.00692252 s/step
Meep progress: 78.2/400.0 = 19.6% done in 44.1s, 181.3s to go
on time step 4694 (time=78.2333), 0.00858459 s/step
Meep progress: 84.75/400.0 = 21.2% done in 48.1s, 178.8s to go
on time step 5088 (time=84.8), 0.0101535 s/step
Meep progress: 91.3/400.0 = 22.8% done in 52.1s, 176.0s to go
on time step 5481 (time=91.35), 0.0101922 s/step
Meep progress: 98.38333333333333/400.0 = 24.6% done in 56.1s, 171.9s to go
on time step 5907 (time=98.45), 0.00940366 s/step
Meep progress: 105.16666666666667/400.0 = 26.3% done in 60.1s, 168.4s to go
on time step 6312 (time=105.2), 0.00987947 s/step
Meep progress: 112.18333333333334/400.0 = 28.0% done in 64.1s, 164.4s to go
on time step 6735 (time=112.25), 0.00947576 s/step
Meep progress: 119.38333333333333/400.0 = 29.8% done in 68.1s, 160.0s to go
on time step 7167 (time=119.45), 0.0092756 s/step
Meep progress: 126.46666666666667/400.0 = 31.6% done in 72.1s, 155.9s to go
on time step 7593 (time=126.55), 0.00940594 s/step
Meep progress: 133.81666666666666/400.0 = 33.5% done in 76.1s, 151.4s to go
on time step 8033 (time=133.883), 0.00909813 s/step
Meep progress: 140.76666666666665/400.0 = 35.2% done in 80.1s, 147.5s to go
on time step 8450 (time=140.833), 0.00960182 s/step
Meep progress: 147.65/400.0 = 36.9% done in 84.1s, 143.7s to go
on time step 8864 (time=147.733), 0.00968017 s/step
Meep progress: 154.58333333333334/400.0 = 38.6% done in 88.1s, 139.9s to go
on time step 9281 (time=154.683), 0.0096123 s/step
Meep progress: 161.15/400.0 = 40.3% done in 92.1s, 136.5s to go
on time step 9676 (time=161.267), 0.0101397 s/step
Meep progress: 167.63333333333333/400.0 = 41.9% done in 96.1s, 133.2s to go
on time step 10065 (time=167.75), 0.010293 s/step
Meep progress: 174.68333333333334/400.0 = 43.7% done in 100.1s, 129.1s to go
on time step 10488 (time=174.8), 0.00946474 s/step
Meep progress: 181.46666666666667/400.0 = 45.4% done in 104.1s, 125.4s to go
on time step 10894 (time=181.567), 0.00985616 s/step
Meep progress: 188.46666666666667/400.0 = 47.1% done in 108.1s, 121.3s to go
on time step 11316 (time=188.6), 0.00949298 s/step
Meep progress: 195.88333333333333/400.0 = 49.0% done in 112.1s, 116.8s to go
on time step 11760 (time=196), 0.00901622 s/step
Meep progress: 202.95/400.0 = 50.7% done in 116.1s, 112.7s to go
on time step 12184 (time=203.067), 0.00945552 s/step
Meep progress: 209.61666666666667/400.0 = 52.4% done in 120.1s, 109.1s to go
on time step 12584 (time=209.733), 0.0100057 s/step
Meep progress: 216.48333333333332/400.0 = 54.1% done in 124.1s, 105.2s to go
on time step 12997 (time=216.617), 0.00969778 s/step
Meep progress: 223.16666666666666/400.0 = 55.8% done in 128.1s, 101.5s to go
on time step 13398 (time=223.3), 0.00998541 s/step
Meep progress: 230.18333333333334/400.0 = 57.5% done in 132.1s, 97.5s to go
on time step 13819 (time=230.317), 0.00951181 s/step
Meep progress: 236.79999999999998/400.0 = 59.2% done in 136.1s, 93.8s to go
on time step 14216 (time=236.933), 0.0100819 s/step
Meep progress: 244.1/400.0 = 61.0% done in 140.1s, 89.5s to go
on time step 14653 (time=244.217), 0.00915464 s/step
Meep progress: 250.61666666666667/400.0 = 62.7% done in 144.2s, 85.9s to go
on time step 15044 (time=250.733), 0.0102315 s/step
Meep progress: 257.7833333333333/400.0 = 64.4% done in 148.2s, 81.7s to go
on time step 15475 (time=257.917), 0.00929517 s/step
Meep progress: 264.7833333333333/400.0 = 66.2% done in 152.2s, 77.7s to go
on time step 15894 (time=264.9), 0.00955112 s/step
Meep progress: 271.6333333333333/400.0 = 67.9% done in 156.2s, 73.8s to go
on time step 16305 (time=271.75), 0.00973968 s/step
Meep progress: 278.1333333333333/400.0 = 69.5% done in 160.2s, 70.2s to go
on time step 16694 (time=278.233), 0.0102849 s/step
Meep progress: 284.98333333333335/400.0 = 71.2% done in 164.2s, 66.3s to go
on time step 17105 (time=285.083), 0.00975438 s/step
Meep progress: 291.7833333333333/400.0 = 72.9% done in 168.2s, 62.4s to go
on time step 17514 (time=291.9), 0.00978412 s/step
Meep progress: 299.18333333333334/400.0 = 74.8% done in 172.2s, 58.0s to go
on time step 17959 (time=299.317), 0.0090027 s/step
Meep progress: 306.5833333333333/400.0 = 76.6% done in 176.2s, 53.7s to go
on time step 18403 (time=306.717), 0.00901574 s/step
Meep progress: 313.71666666666664/400.0 = 78.4% done in 180.2s, 49.6s to go
on time step 18831 (time=313.85), 0.00936674 s/step
Meep progress: 320.43333333333334/400.0 = 80.1% done in 184.2s, 45.7s to go
on time step 19234 (time=320.567), 0.00994067 s/step
Meep progress: 327.26666666666665/400.0 = 81.8% done in 188.2s, 41.8s to go
on time step 19644 (time=327.4), 0.00977311 s/step
Meep progress: 334.1333333333333/400.0 = 83.5% done in 192.2s, 37.9s to go
on time step 20056 (time=334.267), 0.00970953 s/step
Meep progress: 341.15/400.0 = 85.3% done in 196.2s, 33.8s to go
on time step 20478 (time=341.3), 0.00948397 s/step
Meep progress: 348.48333333333335/400.0 = 87.1% done in 200.2s, 29.6s to go
on time step 20918 (time=348.633), 0.00910805 s/step
Meep progress: 355.01666666666665/400.0 = 88.8% done in 204.2s, 25.9s to go
on time step 21309 (time=355.15), 0.0102312 s/step
Meep progress: 361.7833333333333/400.0 = 90.4% done in 208.2s, 22.0s to go
on time step 21716 (time=361.933), 0.00984872 s/step
Meep progress: 369.15/400.0 = 92.3% done in 212.2s, 17.7s to go
on time step 22158 (time=369.3), 0.00905035 s/step
Meep progress: 376.4/400.0 = 94.1% done in 216.2s, 13.6s to go
on time step 22593 (time=376.55), 0.00921312 s/step
Meep progress: 383.43333333333334/400.0 = 95.9% done in 220.2s, 9.5s to go
on time step 23015 (time=383.583), 0.00948861 s/step
Meep progress: 390.05/400.0 = 97.5% done in 224.2s, 5.7s to go
on time step 23411 (time=390.183), 0.0101063 s/step
Meep progress: 396.6/400.0 = 99.2% done in 228.3s, 2.0s to go
on time step 23804 (time=396.733), 0.0101905 s/step
harminv2:, frequency, imag. freq., Q, |amp|, amplitude, error
harminv2:, 0.2726034129450942, -5.948726361813587e-06, 22912.754459089432, 0.647168899498067, 0.3590108510323139-0.5384596487375752i, 1.9134938917798775e-09+0.0i
run 2 finished at t = 400.0 (24000 timesteps)

Elapsed run time = 712.0484 s
